Start testing: Feb 06 22:44 Mitteleuropäische Zeit
----------------------------------------------------------
1/1 Testing: HelloTest.BasicAssertions
1/1 Test: HelloTest.BasicAssertions
Command: "C:/$$Meine Daten/Studium/Programmieren 1/Karteikartensystem/build/Debug/hello_test.exe" "--gtest_filter=HelloTest.BasicAssertions" "--gtest_also_run_disabled_tests"
Directory: C:/$$Meine Daten/Studium/Programmieren 1/Karteikartensystem/build
"HelloTest.BasicAssertions" start time: Feb 06 22:44 Mitteleuropäische Zeit
Output:
----------------------------------------------------------
Running main() from C:\$$Meine Daten\Studium\Programmieren 1\Karteikartensystem\build\_deps\googletest-src\googletest\src\gtest_main.cc
Note: Google Test filter = HelloTest.BasicAssertions
[==========] Running 1 test from 1 test suite.
[----------] Global test environment set-up.
[----------] 1 test from HelloTest
[ RUN      ] HelloTest.BasicAssertions
[       OK ] HelloTest.BasicAssertions (0 ms)
[----------] 1 test from HelloTest (0 ms total)

[----------] Global test environment tear-down
[==========] 1 test from 1 test suite ran. (0 ms total)
[  PASSED  ] 1 test.
<end of output>
Test time =   0.03 sec
----------------------------------------------------------
Test Passed.
"HelloTest.BasicAssertions" end time: Feb 06 22:44 Mitteleuropäische Zeit
"HelloTest.BasicAssertions" time elapsed: 00:00:00
----------------------------------------------------------

End testing: Feb 06 22:44 Mitteleuropäische Zeit
